a5564aee4 SW-8608 Planting Date Withdrawal Request not appearing in Requests list (#5991)
70b07f7f9 SW-8569 Mobile Web: Updates (#5990)
b8934e5e6 SW-8532 Semantic Color Update (#5989)
c61cf4907 SW-8598 Add columns to biomass CSVs (#5996)
aa29f380f Regenerated RTK and fixed types (#5988)
e2b598926 Moved api-paths to constants (#5985)
9cacea11c SW-8448 Implemented mapbox token RTK Query (#5987)
066ab785e SW-7736 Activities RTK Query (#5980)
1abd5edda Updated docker dump to include substratum depedendencies (#5986)
7584bdc7e SW-8584 Change grid size for desktop (#5984)
82e5cc5d1 SW-8591 Remove allocated species removed event from log (#5982)
af977cd7f Only run type generation validation in PRs (#5981)
221773757 Skip survival rate tests until they are fixed (#5983)
497dcd6dc SW-7792: Biomass Monitoring Observations: Add field for Crown Diameter for mangrove trees (FOLLOW-UP) (#5978)
9e00a7d8f SW-8603 Fix Editing allocated quantity on Inventory Planning page causes console error (#5979)
f2b599593 Add initial script for validating type generation scripts (#5977)
06b607861 SW-8411: Biomass Monitoring: For Mangrove forests, add option to specify "No Water" (#5961)
afb26eb81 SW-8595 Don't include species with 0 requested quantity (#5974)
6fcac2d93 SW-8584 Show spinner while planting seasons data is loading (#5975)
09acccca0 Revert "Update dependency js-yaml to v5" (#5976)
b4582fd89 SW-8595 Allow saving species that have 0 quantity (#5973)
c193d064f SW-8595 Planting Dates: Not able to delete species when there is just one in a substratum (#5972)
c215aed95 SW-8584 UI/UX issues across Inventory and Planting Season pages (#5971)
335c7ec8d SW-8441 Improve some events copy (#5970)
03f60d02f SW-7489 Change CollectedDate to CollectedTime in CheckIn page (#5953)
10785e682 SW-7489 Change CollectedDate edit field to DateTime (#5952)
5f4d50035 SW-7489 Change accession tables to display collected time (#5951)
b539a1df9 SW-8589 More Planting Dates and Species Targets UI updates (#5968)
81c93a7be SW-8576 Show banner without requiring refresh (#5969)
3bb064109 Update dependency js-yaml to v5 (#5964)
4e43561a9 SW-8593 Add configurable and filterable "Planting Date" column, hidden by default (#5967)
5b5228c3a Update dependency @rsbuild/plugin-sass to v2 (#5963)
410318355 Update Node.js to v24.18.0 (#5962)
230192f38 SW-8591 Add change history in Inventory Planning View (#5958)
074559824 SW-8589 Planting Dates Add Species improvements (#5960)
4b917d32c SW-8435 Withdrawals Table: In the Planting Site column filter, a blank option appears at the bottom of the list (#5959)
ccc3f5cd5 SW-8441 Use event added instead of event created in some cases (#5955)
18737877e SW-8586 Filter species selector by season (#5957)
cb5527876 SW-8578 Refresh after editing inventory (#5956)
33fe96a48 Suppress dotenv output in playwright tests (#5954)
49d60d0da SW-8579 Inventory Planning: Closed Season still shows in table (#5946)
9784f356d SW-8587 Planting Season card "Withdrawn for Planting" number not a link to the season withdrawals (#5949)
a6186422d SW-8576 Show banner for notifications (#5936)
0de8cc941 Delete unused ObservationsService (#5943)
8fc550566 New screenshots (#5950)
494cab622 Delete unused observation schedule/reschedule redux stack (#5942)
ddef80777 Delete unused activities redux feature (#5941)
5973a5f54 Replace requestSyncActivityMedia thunk with RTK Query hook (#5940)
9fe8beff9 Migrate biomass observations CSV export to RTK Query (#5939)
4ec4a1d36 SW-8578 After new inventory of species is added Inventory Planning page should refresh (#5945)
e53c2ef58 SW-8577 After inputting a number in the quantity field, clicking Enter/Return should enter the number (#5944)
6ce6faef4 SW-8585 Withdrawal Request: Completed requests should not show in Requests list (#5948)
3516be8ce SW-8581 Delete Species Goal: Update dialog copy (#5947)
4dc585618 Fixed clustering issue and handle activity log cluster click (#5938)
d23148a12 SW-8568 Tablet View: Updates (#5937)
7ba9cc837 SW-8441 Change history section (#5935)
128ee7bb4 SW-8569 More mobile fixes (#5934)
0262afc8c SW-8561 Make fields same width (#5933)
0d15ecc26 SW-8408 First cluster click opens drawer, second click fits bounds (#5932)
54931bac7 SW-8521 Show Message when there are no requests (#5931)
7dd3ae40a SW-8564 Reduce the space between the “Batch” and “Total” columns (#5930)
0ad0be9d5 SW-8561 Add project dropdown to Planting Date Withdrawal Request flow (#5929)
f1c77f060 SW-8450 Use BE calculated project level average strata survival rate on plants dashboard (#5928)
6f6fb5c9c SW-8572 Available to Schedule numbers still not correct (#5927)
fd02a4527 SW-7274: Biomass Monitoring Observations: Replace "trunk" with "stem" in Biomass Observations (#5914)
798548718 SW-8560 Mention Purpose Planting in first step (#5926)
e1c7a8140 SW-8564 "Nursery", "Dead", and "Other" purposes not showing appropriate batches and fields (#5925)
e11f6a19f SW-8558 Withdrawn plants not showing up in request card (#5921)
3728cc22a Replaced request all sites with searching for projectId and requesting limited sites (#5923)
b6c7ff0ae SW-8566 Withdrawal Request: Nursery Summary formatting is wrong (#5924)
82b70dfa7 SW-8569 Mobile and tablet Updates (#5922)
de7f63813 Folded PlantsPrimaryPage into plant dashboard and header (#5896)
72ecc37e5 Fixed sticky planting site ID to have strict 'all' | numbers type (#5895)
e1ecf14d5 SW-8521 When selected Planting Site has no requests, do not show any seasons or species in filters and display a message (#5920)
fc61a784f SW-8550 Planting Season column appearing on wrong side and lacking ability to filter (#5910)
f06874047 SW-8546 Season Species table showing up when it should not be (#5909)
e1a4867b8 Update dependency @rsbuild/plugin-babel to v2 (#5917)
f8d8320f6 Update babel monorepo to v8 (#5916)
e3299a4ca Update Node.js to v24.17.0 (#5915)
436a8b148 SW-7792: Biomass Monitoring Observations: Add field for Crown Diameter for mangrove trees (#5904)
f48031a43 SW-8542 Withdraw from Batches: Multiple batches styling needed (#5908)
fccf1eb27 SW-8556 Withdrawal/Request Panel: update corner radius to 8px (#5913)
4771697c6 SW-8552 Remove the "To" In the Edit Planting Season dialog (#5912)
c8c94b8af SW-8551 Cap the Allocated for Target progress bar at 100% (#5911)
db3796d77 Bump form-data from 4.0.4 to 4.0.6 (#5907)
cf5f6920f Update dependency @babel/core to v7.29.6 [SECURITY] (#5906)
67337df39 SW-8431 Exceed validation shouldn't block add (#5903)
b6da8dcab SW-8540 In Nursery Summary, switch the ordering of the "Ready to Plant" and "Requested" columns (#5902)
ea543188a SW-8530 Planting Season cards are showing Strata/Substrata that are not part of the season or date (#5901)
1dafbae50 SW-8523 Columns in Quantities table not to design spec (#5900)
59cc80d2b SW-8522 Withdraw Date field missing in first page of first step (#5899)
fbe2bcdc9 SW-8520 Values in filters not in alphabetical order (#5898)
6108b98f9 SW-7636: Biomass Monitoring Observations: Dropdown for "soil type" options (#5897)
